<?xml version="1.0" encoding="UTF-8"?>
<!-- Generated by org.testng.reporters.JUnitXMLReporter -->
<testsuite ignored="1" hostname="PC-PC" failures="0" tests="2" name="Test" time="7.05" errors="0" timestamp="2022-07-07T09:47:40 IST">
  <testcase classname="testngdemo.TestNGAlphabetical" name="facebook" time="2.379"/>
  <testcase classname="testngdemo.TestNGAlphabetical" name="twitter" time="1.51"/>
  <testcase classname="testngdemo.TestNGAlphabetical" name="google" time="0.0">
    <ignored/>
  </testcase> <!-- google -->
</testsuite> <!-- Test -->
