<?xml version="1.0" encoding="UTF-8"?>
<testng-results ignored="0" total="1" passed="1" failed="0" skipped="0">
  <reporter-output>
  </reporter-output>
  <suite started-at="2022-07-15T18:23:58 IST" name="Default suite" finished-at="2022-07-15T18:24:16 IST" duration-ms="18185">
    <groups>
    </groups>
    <test started-at="2022-07-15T18:23:58 IST" name="Default test" finished-at="2022-07-15T18:24:16 IST" duration-ms="18185">
      <class name="log4jProj.Log4jDemo">
        <test-method signature="googleSearch()[pri:0, instance:log4jProj.Log4jDemo@6d4e5011]" started-at="2022-07-15T18:23:58 IST" name="googleSearch" finished-at="2022-07-15T18:24:16 IST" duration-ms="18066" status="PASS">
          <reporter-output>
          </reporter-output>
        </test-method> <!-- googleSearch -->
      </class> <!-- log4jProj.Log4jDemo -->
    </test> <!-- Default test -->
  </suite> <!-- Default suite -->
</testng-results>
